<?xml version="1.0" encoding="UTF-8"?>
<!-- Generated by org.testng.reporters.JUnitXMLReporter -->
<testsuite ignored="0" hostname="DESKTOP-REET03P" failures="0" tests="5" name="Default test" time="21.555" errors="0" timestamp="2024-12-05T11:28:49 IST">
  <testcase classname="seleniumPractice.LoginAndLogo" name="openPage" time="10.446"/>
  <testcase classname="seleniumPractice.LoginAndLogo" name="displayLogo" time="0.484"/>
  <testcase classname="seleniumPractice.LoginAndLogo" name="pageLogin" time="2.291"/>
  <testcase classname="seleniumPractice.LoginAndLogo" name="pageLogout" time="7.443"/>
  <testcase classname="seleniumPractice.LoginAndLogo" name="pageClose" time="0.735"/>
</testsuite> <!-- Default test -->
