<?xml version="1.0" encoding="UTF-8"?>
<testng-results ignored="0" total="5" passed="5" failed="0" skipped="0">
  <reporter-output>
  </reporter-output>
  <suite started-at="2024-12-05T11:28:27 IST" name="Default suite" finished-at="2024-12-05T11:28:49 IST" duration-ms="21555">
    <groups>
    </groups>
    <test started-at="2024-12-05T11:28:27 IST" name="Default test" finished-at="2024-12-05T11:28:49 IST" duration-ms="21555">
      <class name="seleniumPractice.LoginAndLogo">
        <test-method signature="openPage()[pri:1, instance:seleniumPractice.LoginAndLogo@145f66e3]" started-at="2024-12-05T11:28:27 IST" name="openPage" finished-at="2024-12-05T11:28:38 IST" duration-ms="10446" status="PASS">
          <reporter-output>
          </reporter-output>
        </test-method> <!-- openPage -->
        <test-method signature="displayLogo()[pri:3, instance:seleniumPractice.LoginAndLogo@145f66e3]" started-at="2024-12-05T11:28:38 IST" name="displayLogo" finished-at="2024-12-05T11:28:38 IST" duration-ms="484" status="PASS">
          <reporter-output>
          </reporter-output>
        </test-method> <!-- displayLogo -->
        <test-method signature="pageLogin()[pri:3, instance:seleniumPractice.LoginAndLogo@145f66e3]" started-at="2024-12-05T11:28:38 IST" name="pageLogin" finished-at="2024-12-05T11:28:40 IST" duration-ms="2291" status="PASS">
          <reporter-output>
          </reporter-output>
        </test-method> <!-- pageLogin -->
        <test-method signature="pageLogout()[pri:4, instance:seleniumPractice.LoginAndLogo@145f66e3]" started-at="2024-12-05T11:28:41 IST" name="pageLogout" finished-at="2024-12-05T11:28:48 IST" duration-ms="7443" status="PASS">
          <reporter-output>
          </reporter-output>
        </test-method> <!-- pageLogout -->
        <test-method signature="pageClose()[pri:5, instance:seleniumPractice.LoginAndLogo@145f66e3]" started-at="2024-12-05T11:28:48 IST" name="pageClose" finished-at="2024-12-05T11:28:49 IST" duration-ms="735" status="PASS">
          <reporter-output>
          </reporter-output>
        </test-method> <!-- pageClose -->
      </class> <!-- seleniumPractice.LoginAndLogo -->
    </test> <!-- Default test -->
  </suite> <!-- Default suite -->
</testng-results>
